<?xml version="1.0" encoding="UTF-8"?>
<testsuite xmlns:xsi="http://www.w3.org/2001/XMLSchema-instance" xsi:noNamespaceSchemaLocation="https://maven.apache.org/surefire/maven-surefire-plugin/xsd/surefire-test-report-3.0.xsd" version="3.0" name="Model.TripTest" time="0.184" tests="13" errors="0" skipped="0" failures="0">
  <properties>
    <property name="java.specification.version" value="23"/>
    <property name="sun.cpu.isalist" value="amd64"/>
    <property name="sun.jnu.encoding" value="Cp1250"/>
    <property name="java.class.path" value="D:\Studia\JAVA\Travel_Agency\Travel_Agency\target\test-classes;C:\Users\siano\.m2\repository\org\openjfx\javafx-controls\13\javafx-controls-13.jar;C:\Users\siano\.m2\repository\org\openjfx\javafx-graphics\13\javafx-graphics-13.jar;C:\Users\siano\.m2\repository\org\openjfx\javafx-base\13\javafx-base-13.jar;C:\Users\siano\.m2\repository\org\openjfx\javafx-fxml\13\javafx-fxml-13.jar;C:\Users\siano\.m2\repository\org\junit\jupiter\junit-jupiter-api\5.10.2\junit-jupiter-api-5.10.2.jar;C:\Users\siano\.m2\repository\org\opentest4j\opentest4j\1.3.0\opentest4j-1.3.0.jar;C:\Users\siano\.m2\repository\org\junit\platform\junit-platform-commons\1.10.2\junit-platform-commons-1.10.2.jar;C:\Users\siano\.m2\repository\org\apiguardian\apiguardian-api\1.1.2\apiguardian-api-1.1.2.jar;C:\Users\siano\.m2\repository\org\junit\jupiter\junit-jupiter-params\5.10.2\junit-jupiter-params-5.10.2.jar;C:\Users\siano\.m2\repository\org\junit\jupiter\junit-jupiter-engine\5.10.2\junit-jupiter-engine-5.10.2.jar;C:\Users\siano\.m2\repository\org\junit\platform\junit-platform-engine\1.10.2\junit-platform-engine-1.10.2.jar;"/>
    <property name="java.vm.vendor" value="Oracle Corporation"/>
    <property name="sun.arch.data.model" value="64"/>
    <property name="user.variant" value=""/>
    <property name="java.vendor.url" value="https://java.oracle.com/"/>
    <property name="user.timezone" value="Europe/Warsaw"/>
    <property name="os.name" value="Windows 11"/>
    <property name="java.vm.specification.version" value="23"/>
    <property name="user.country" value="PL"/>
    <property name="sun.java.launcher" value="SUN_STANDARD"/>
    <property name="sun.boot.library.path" value="C:\Program Files\Java\jdk-23\bin"/>
    <property name="sun.java.command" value="org.apache.maven.surefire.booter.ForkedBooter C:\Users\siano\AppData\Local\Temp\surefire16133049746742137956 2024-12-04T14-31-25_897-jvmRun1 surefire-20241204143126304_1tmp surefire_0-20241204143126304_2tmp"/>
    <property name="jdk.debug" value="release"/>
    <property name="test" value="Model.TripTest"/>
    <property name="surefire.test.class.path" value="D:\Studia\JAVA\Travel_Agency\Travel_Agency\target\test-classes;C:\Users\siano\.m2\repository\org\openjfx\javafx-controls\13\javafx-controls-13.jar;C:\Users\siano\.m2\repository\org\openjfx\javafx-graphics\13\javafx-graphics-13.jar;C:\Users\siano\.m2\repository\org\openjfx\javafx-base\13\javafx-base-13.jar;C:\Users\siano\.m2\repository\org\openjfx\javafx-fxml\13\javafx-fxml-13.jar;C:\Users\siano\.m2\repository\org\junit\jupiter\junit-jupiter-api\5.10.2\junit-jupiter-api-5.10.2.jar;C:\Users\siano\.m2\repository\org\opentest4j\opentest4j\1.3.0\opentest4j-1.3.0.jar;C:\Users\siano\.m2\repository\org\junit\platform\junit-platform-commons\1.10.2\junit-platform-commons-1.10.2.jar;C:\Users\siano\.m2\repository\org\apiguardian\apiguardian-api\1.1.2\apiguardian-api-1.1.2.jar;C:\Users\siano\.m2\repository\org\junit\jupiter\junit-jupiter-params\5.10.2\junit-jupiter-params-5.10.2.jar;C:\Users\siano\.m2\repository\org\junit\jupiter\junit-jupiter-engine\5.10.2\junit-jupiter-engine-5.10.2.jar;C:\Users\siano\.m2\repository\org\junit\platform\junit-platform-engine\1.10.2\junit-platform-engine-1.10.2.jar;"/>
    <property name="sun.cpu.endian" value="little"/>
    <property name="user.home" value="C:\Users\siano"/>
    <property name="user.language" value="pl"/>
    <property name="java.specification.vendor" value="Oracle Corporation"/>
    <property name="jdk.module.path" value="D:\Studia\JAVA\Travel_Agency\Travel_Agency\target\classes;C:\Users\siano\.m2\repository\org\openjfx\javafx-controls\13\javafx-controls-13-win.jar;C:\Users\siano\.m2\repository\org\openjfx\javafx-graphics\13\javafx-graphics-13-win.jar;C:\Users\siano\.m2\repository\org\openjfx\javafx-base\13\javafx-base-13-win.jar;C:\Users\siano\.m2\repository\org\openjfx\javafx-fxml\13\javafx-fxml-13-win.jar;C:\Users\siano\.m2\repository\org\projectlombok\lombok\1.18.34\lombok-1.18.34.jar"/>
    <property name="java.version.date" value="2024-10-15"/>
    <property name="java.home" value="C:\Program Files\Java\jdk-23"/>
    <property name="file.separator" value="\"/>
    <property name="basedir" value="D:\Studia\JAVA\Travel_Agency\Travel_Agency"/>
    <property name="java.vm.compressedOopsMode" value="Zero based"/>
    <property name="line.separator" value="&#10;"/>
    <property name="java.vm.specification.vendor" value="Oracle Corporation"/>
    <property name="java.specification.name" value="Java Platform API Specification"/>
    <property name="surefire.real.class.path" value="C:\Users\siano\.m2\repository\org\apache\maven\surefire\surefire-booter\3.2.2\surefire-booter-3.2.2.jar;C:\Users\siano\.m2\repository\org\apache\maven\surefire\surefire-api\3.2.2\surefire-api-3.2.2.jar;C:\Users\siano\.m2\repository\org\apache\maven\surefire\surefire-logger-api\3.2.2\surefire-logger-api-3.2.2.jar;C:\Users\siano\.m2\repository\org\apache\maven\surefire\surefire-shared-utils\3.2.2\surefire-shared-utils-3.2.2.jar;C:\Users\siano\.m2\repository\org\apache\maven\surefire\surefire-extensions-spi\3.2.2\surefire-extensions-spi-3.2.2.jar;D:\Studia\JAVA\Travel_Agency\Travel_Agency\target\test-classes;C:\Users\siano\.m2\repository\org\openjfx\javafx-controls\13\javafx-controls-13.jar;C:\Users\siano\.m2\repository\org\openjfx\javafx-graphics\13\javafx-graphics-13.jar;C:\Users\siano\.m2\repository\org\openjfx\javafx-base\13\javafx-base-13.jar;C:\Users\siano\.m2\repository\org\openjfx\javafx-fxml\13\javafx-fxml-13.jar;C:\Users\siano\.m2\repository\org\junit\jupiter\junit-jupiter-api\5.10.2\junit-jupiter-api-5.10.2.jar;C:\Users\siano\.m2\repository\org\opentest4j\opentest4j\1.3.0\opentest4j-1.3.0.jar;C:\Users\siano\.m2\repository\org\junit\platform\junit-platform-commons\1.10.2\junit-platform-commons-1.10.2.jar;C:\Users\siano\.m2\repository\org\apiguardian\apiguardian-api\1.1.2\apiguardian-api-1.1.2.jar;C:\Users\siano\.m2\repository\org\junit\jupiter\junit-jupiter-params\5.10.2\junit-jupiter-params-5.10.2.jar;C:\Users\siano\.m2\repository\org\junit\jupiter\junit-jupiter-engine\5.10.2\junit-jupiter-engine-5.10.2.jar;C:\Users\siano\.m2\repository\org\junit\platform\junit-platform-engine\1.10.2\junit-platform-engine-1.10.2.jar;C:\Users\siano\.m2\repository\org\apache\maven\surefire\surefire-junit-platform\3.2.2\surefire-junit-platform-3.2.2.jar;C:\Users\siano\.m2\repository\org\apache\maven\surefire\common-java5\3.2.2\common-java5-3.2.2.jar;C:\Users\siano\.m2\repository\org\junit\platform\junit-platform-launcher\1.10.2\junit-platform-launcher-1.10.2.jar"/>
    <property name="user.script" value=""/>
    <property name="sun.management.compiler" value="HotSpot 64-Bit Tiered Compilers"/>
    <property name="java.runtime.version" value="23.0.1+11-39"/>
    <property name="user.name" value="siano"/>
    <property name="stdout.encoding" value="Cp1250"/>
    <property name="path.separator" value=";"/>
    <property name="os.version" value="10.0"/>
    <property name="java.runtime.name" value="Java(TM) SE Runtime Environment"/>
    <property name="file.encoding" value="UTF-8"/>
    <property name="java.vm.name" value="Java HotSpot(TM) 64-Bit Server VM"/>
    <property name="maven.ext.class.path" value="D:\Programy\NetBeans-22\netbeans\java\maven-nblib\netbeans-eventspy.jar"/>
    <property name="localRepository" value="C:\Users\siano\.m2\repository"/>
    <property name="java.vendor.url.bug" value="https://bugreport.java.com/bugreport/"/>
    <property name="java.io.tmpdir" value="C:\Users\siano\AppData\Local\Temp\"/>
    <property name="java.version" value="23.0.1"/>
    <property name="user.dir" value="D:\Studia\JAVA\Travel_Agency\Travel_Agency"/>
    <property name="os.arch" value="amd64"/>
    <property name="java.vm.specification.name" value="Java Virtual Machine Specification"/>
    <property name="sun.os.patch.level" value=""/>
    <property name="native.encoding" value="Cp1250"/>
    <property name="java.library.path" value="C:\Program Files\Java\jdk-23\bin;C:\WINDOWS\Sun\Java\bin;C:\WINDOWS\system32;C:\WINDOWS;C:\Program Files\Common Files\Oracle\Java\javapath;C:\WINDOWS\system32;C:\WINDOWS;C:\WINDOWS\System32\Wbem;C:\WINDOWS\System32\WindowsPowerShell\v1.0\;C:\WINDOWS\System32\OpenSSH\;C:\Program Files\Microsoft SQL Server\150\Tools\Binn\;C:\Program Files\Microsoft SQL Server\Client SDK\ODBC\170\Tools\Binn\;C:\Program Files\dotnet\;C:\Program Files (x86)\Windows Kits\10\Windows Performance Toolkit\;C:\Program Files\Git\cmd;C:\Users\siano\AppData\Local\Microsoft\WindowsApps;C:\Users\siano\.dotnet\tools;."/>
    <property name="java.vm.info" value="mixed mode"/>
    <property name="stderr.encoding" value="Cp1250"/>
    <property name="java.vendor" value="Oracle Corporation"/>
    <property name="java.vm.version" value="23.0.1+11-39"/>
    <property name="sun.io.unicode.encoding" value="UnicodeLittle"/>
    <property name="java.class.version" value="67.0"/>
  </properties>
  <testcase name="nullFieldsTest(String)[1]" classname="Model.TripTest" time="0.056"/>
  <testcase name="nullFieldsTest(String)[2]" classname="Model.TripTest" time="0.001"/>
  <testcase name="nullFieldsTest(String)[3]" classname="Model.TripTest" time="0.002"/>
  <testcase name="wrongPriceTest(double)[1]" classname="Model.TripTest" time="0.008"/>
  <testcase name="wrongPriceTest(double)[2]" classname="Model.TripTest" time="0.001"/>
  <testcase name="wrongDateTest(String)[1]" classname="Model.TripTest" time="0.002"/>
  <testcase name="wrongDateTest(String)[2]" classname="Model.TripTest" time="0.001"/>
  <testcase name="wrongDateTest(String)[3]" classname="Model.TripTest" time="0.001"/>
  <testcase name="wrongDateTest(String)[4]" classname="Model.TripTest" time="0.002"/>
  <testcase name="wrongDateTest(String)[5]" classname="Model.TripTest" time="0.002"/>
  <testcase name="correctDataTest(String)[1]" classname="Model.TripTest" time="0.005"/>
  <testcase name="correctDataTest(String)[2]" classname="Model.TripTest" time="0.001"/>
  <testcase name="correctDataTest(String)[3]" classname="Model.TripTest" time="0.001"/>
</testsuite>